[]
fetching https://en.wikipedia.org/wiki/Main_Page
fetching https://en.wikipedia.org/wiki/Wikipedia
fetching https://en.wikipedia.org/wiki/Free_content
fetching https://en.wikipedia.org/wiki/Encyclopedia
fetching https://en.wikipedia.org/wiki/Wikipedia:Protection_policy
fetching https://en.wikipedia.org/wiki/Help:Introduction_to_Wikipedia
fetching https://en.wikipedia.org/wiki/Special:Statistics
fetching https://en.wikipedia.org/wiki/English_language
fetching https://en.wikipedia.org/wiki/Herm_(sculpture)
fetching https://en.wikipedia.org/wiki/Eduard_Fraenkel
fetching https://en.wikipedia.org/wiki/Wikipedia:Free_content
fetching https://en.wikipedia.org/wiki/English_Wikipedia
fetching https://en.wikipedia.org/wiki/Encyclopedia_(disambiguation)
fetching https://en.wikipedia.org/wiki/Wikipedia:Good_articles
fetching https://en.wikipedia.org/wiki/Wikipedia:Requests_for_page_protection
fetching https://en.wikipedia.org/wiki/Special:AllPages
fetching https://en.wikipedia.org/wiki/Classics
fetching https://en.wikipedia.org/wiki/Definition_of_Free_Cultural_Works
fetching https://en.wikipedia.org/wiki/Wikipedia:Featured_articles
fetching https://en.wikipedia.org/wiki/List_of_Wikipedias

20 / 10000 pages traversed
fetching https://en.wikipedia.org/wiki/Encyclop%C3%A6dia_Britannica
fetching https://en.wikipedia.org/wiki/Wikipedia:Lists_of_protected_pages
fetching https://en.wikipedia.org/wiki/Special:MediaStatistics
fetching https://en.wikipedia.org/wiki/Corpus_Christi_Professor_of_Latin
fetching https://en.wikipedia.org/wiki/Work_of_art
fetching https://en.wikipedia.org/wiki/Herma_(Xenakis)
fetching https://en.wikipedia.org/wiki/Wikipedia_(disambiguation)
fetching https://en.wikipedia.org/wiki/American_English
fetching https://en.wikipedia.org/wiki/Wikipedia:Perennial_proposals
fetching https://en.wiktionary.org/wiki/encyclopedia
fetching https://en.wikipedia.org/wiki/Wikipedia:Wikimedia_Commons
fetching https://en.wikipedia.org/wiki/University_of_Oxford
fetching https://en.wikipedia.org/wiki/Content_(media_and_publishing)
fetching https://en.wikipedia.org/w/index.php?title=Special:AllPages&from=%22America%27s+Crusaders%22
fetching https://en.wikipedia.org/wiki/Demosthenes
fetching https://en.wikipedia.org/wiki/Wikipedia_logo
fetching https://en.wikipedia.org/wiki/Classics_(disambiguation)
fetching https://en.wikipedia.org/wiki/Fellow_of_the_British_Academy
fetching https://en.wikipedia.org/wiki/Free_content_movement
fetching https://en.wikipedia.org/wiki/British_English

40 / 10000 pages traversed
fetching https://en.wikipedia.org/wiki/Wikipedia:WikiProject_Parliamentary_Procedure
fetching https://en.wikipedia.org/wiki/Wikipedia:Shortcut
fetching https://en.wikipedia.org/wiki/Web_portal
fetching https://en.wikipedia.org/wiki/English_(disambiguation)
fetching https://en.wikipedia.org/wiki/Wiki
fetching https://en.wikipedia.org/wiki/Special:ListUsers
fetching https://en.wikipedia.org/wiki/Wikipedia:Pending_changes
fetching https://en.wikipedia.org/wiki/Jewish_assimilation
fetching https://en.wikipedia.org/wiki/Wikipedia:Good_article_criteria
fetching https://en.wikipedia.org/wiki/Copyright
fetching https://en.wikipedia.org/wiki/Wikipedia:Requests_for_permissions
fetching https://en.wikipedia.org/wiki/Help:Special_page
fetching https://en.wikipedia.org/wiki/!
fetching https://en.wikipedia.org/w/index.php?title=Content_(media_and_publishing)&redirect=no
fetching https://en.wikipedia.org/wiki/Athenian_Agora
fetching https://en.wikipedia.org/wiki/Professor_(highest_academic_rank)
fetching https://en.wikipedia.org/wiki/Glyph
fetching https://en.wikipedia.org/wiki/Work_of_art_(disambiguation)
fetching https://en.wikipedia.org/wiki/Ancient_literature
fetching https://en.wikipedia.org/wiki/Kingdom_of_Prussia

60 / 10000 pages traversed
fetching https://en.wikipedia.org/w/index.php?title=Definition_of_Free_Cultural_Works&action=edit&section=1
fetching https://en.wikipedia.org/wiki/Reference_work
fetching https://en.wikipedia.org/wiki/Piano
fetching https://en.wikipedia.org/w/index.php?title=Free_content_movement&redirect=no
fetching https://en.wikipedia.org/wiki/Wikipedia:Party_and_person
fetching https://en.wikipedia.org/wiki/Wikipedia:Disambiguation
fetching https://en.wikipedia.org/wiki/Wikipedia:Wikipedians
fetching https://en.wikipedia.org/w/index.php?title=Wikipedia:FRCN&redirect=no
fetching https://en.wikipedia.org/wiki/Help:IPA/English
fetching https://en.wikipedia.org/wiki/U.S._English_(organization)
fetching https://en.wikipedia.org/wiki/Encyclopedia_(album)
fetching https://en.wikipedia.org/wiki/Internet_encyclopedia
fetching https://en.wikipedia.org/wiki/Wikipedia:Who_writes_Wikipedia%3F
fetching https://en.wikipedia.org/wiki/Special:ActiveUsers
